<?xml version="1.0" encoding="UTF-8"?>
<testsuite xmlns:xsi="http://www.w3.org/2001/XMLSchema-instance" xsi:noNamespaceSchemaLocation="https://maven.apache.org/surefire/maven-surefire-plugin/xsd/surefire-test-report-3.0.xsd" version="3.0" name="helloworld.AppTest" time="0.941" tests="1" errors="0" skipped="0" failures="0">
  <properties>
    <property name="java.specification.version" value="23"/>
    <property name="sun.cpu.isalist" value="amd64"/>
    <property name="sun.jnu.encoding" value="Cp1252"/>
    <property name="java.class.path" value="C:\Users\NnyabeChamamme\Desktop\deadline_notifier\HelloWorldFunction\target\test-classes;C:\Users\NnyabeChamamme\Desktop\deadline_notifier\HelloWorldFunction\target\classes;C:\Users\NnyabeChamamme\.m2\repository\com\amazonaws\aws-lambda-java-core\1.2.2\aws-lambda-java-core-1.2.2.jar;C:\Users\NnyabeChamamme\.m2\repository\com\amazonaws\aws-lambda-java-events\3.11.0\aws-lambda-java-events-3.11.0.jar;C:\Users\NnyabeChamamme\.m2\repository\joda-time\joda-time\2.6\joda-time-2.6.jar;C:\Users\NnyabeChamamme\.m2\repository\junit\junit\4.13.2\junit-4.13.2.jar;C:\Users\NnyabeChamamme\.m2\repository\org\hamcrest\hamcrest-core\1.3\hamcrest-core-1.3.jar;C:\Users\NnyabeChamamme\.m2\repository\software\amazon\awssdk\scheduler\2.26.29\scheduler-2.26.29.jar;C:\Users\NnyabeChamamme\.m2\repository\software\amazon\awssdk\protocol-core\2.26.29\protocol-core-2.26.29.jar;C:\Users\NnyabeChamamme\.m2\repository\software\amazon\awssdk\aws-json-protocol\2.26.29\aws-json-protocol-2.26.29.jar;C:\Users\NnyabeChamamme\.m2\repository\software\amazon\awssdk\third-party-jackson-core\2.26.29\third-party-jackson-core-2.26.29.jar;C:\Users\NnyabeChamamme\.m2\repository\software\amazon\awssdk\http-auth-aws\2.26.29\http-auth-aws-2.26.29.jar;C:\Users\NnyabeChamamme\.m2\repository\software\amazon\awssdk\checksums-spi\2.26.29\checksums-spi-2.26.29.jar;C:\Users\NnyabeChamamme\.m2\repository\software\amazon\awssdk\checksums\2.26.29\checksums-2.26.29.jar;C:\Users\NnyabeChamamme\.m2\repository\software\amazon\awssdk\sdk-core\2.26.29\sdk-core-2.26.29.jar;C:\Users\NnyabeChamamme\.m2\repository\software\amazon\awssdk\profiles\2.26.29\profiles-2.26.29.jar;C:\Users\NnyabeChamamme\.m2\repository\software\amazon\awssdk\retries\2.26.29\retries-2.26.29.jar;C:\Users\NnyabeChamamme\.m2\repository\org\slf4j\slf4j-api\1.7.36\slf4j-api-1.7.36.jar;C:\Users\NnyabeChamamme\.m2\repository\org\reactivestreams\reactive-streams\1.0.4\reactive-streams-1.0.4.jar;C:\Users\NnyabeChamamme\.m2\repository\software\amazon\awssdk\auth\2.26.29\auth-2.26.29.jar;C:\Users\NnyabeChamamme\.m2\repository\software\amazon\awssdk\http-auth-aws-eventstream\2.26.29\http-auth-aws-eventstream-2.26.29.jar;C:\Users\NnyabeChamamme\.m2\repository\software\amazon\eventstream\eventstream\1.0.1\eventstream-1.0.1.jar;C:\Users\NnyabeChamamme\.m2\repository\software\amazon\awssdk\http-auth-spi\2.26.29\http-auth-spi-2.26.29.jar;C:\Users\NnyabeChamamme\.m2\repository\software\amazon\awssdk\http-auth\2.26.29\http-auth-2.26.29.jar;C:\Users\NnyabeChamamme\.m2\repository\software\amazon\awssdk\identity-spi\2.26.29\identity-spi-2.26.29.jar;C:\Users\NnyabeChamamme\.m2\repository\software\amazon\awssdk\http-client-spi\2.26.29\http-client-spi-2.26.29.jar;C:\Users\NnyabeChamamme\.m2\repository\software\amazon\awssdk\regions\2.26.29\regions-2.26.29.jar;C:\Users\NnyabeChamamme\.m2\repository\software\amazon\awssdk\annotations\2.26.29\annotations-2.26.29.jar;C:\Users\NnyabeChamamme\.m2\repository\software\amazon\awssdk\utils\2.26.29\utils-2.26.29.jar;C:\Users\NnyabeChamamme\.m2\repository\software\amazon\awssdk\aws-core\2.26.29\aws-core-2.26.29.jar;C:\Users\NnyabeChamamme\.m2\repository\software\amazon\awssdk\metrics-spi\2.26.29\metrics-spi-2.26.29.jar;C:\Users\NnyabeChamamme\.m2\repository\software\amazon\awssdk\json-utils\2.26.29\json-utils-2.26.29.jar;C:\Users\NnyabeChamamme\.m2\repository\software\amazon\awssdk\endpoints-spi\2.26.29\endpoints-spi-2.26.29.jar;C:\Users\NnyabeChamamme\.m2\repository\software\amazon\awssdk\retries-spi\2.26.29\retries-spi-2.26.29.jar;C:\Users\NnyabeChamamme\.m2\repository\software\amazon\awssdk\apache-client\2.26.29\apache-client-2.26.29.jar;C:\Users\NnyabeChamamme\.m2\repository\org\apache\httpcomponents\httpclient\4.5.13\httpclient-4.5.13.jar;C:\Users\NnyabeChamamme\.m2\repository\org\apache\httpcomponents\httpcore\4.4.16\httpcore-4.4.16.jar;C:\Users\NnyabeChamamme\.m2\repository\commons-codec\commons-codec\1.17.1\commons-codec-1.17.1.jar;C:\Users\NnyabeChamamme\.m2\repository\software\amazon\awssdk\netty-nio-client\2.26.29\netty-nio-client-2.26.29.jar;C:\Users\NnyabeChamamme\.m2\repository\io\netty\netty-codec-http\4.1.111.Final\netty-codec-http-4.1.111.Final.jar;C:\Users\NnyabeChamamme\.m2\repository\io\netty\netty-codec-http2\4.1.111.Final\netty-codec-http2-4.1.111.Final.jar;C:\Users\NnyabeChamamme\.m2\repository\io\netty\netty-codec\4.1.111.Final\netty-codec-4.1.111.Final.jar;C:\Users\NnyabeChamamme\.m2\repository\io\netty\netty-transport\4.1.111.Final\netty-transport-4.1.111.Final.jar;C:\Users\NnyabeChamamme\.m2\repository\io\netty\netty-common\4.1.111.Final\netty-common-4.1.111.Final.jar;C:\Users\NnyabeChamamme\.m2\repository\io\netty\netty-buffer\4.1.111.Final\netty-buffer-4.1.111.Final.jar;C:\Users\NnyabeChamamme\.m2\repository\io\netty\netty-handler\4.1.111.Final\netty-handler-4.1.111.Final.jar;C:\Users\NnyabeChamamme\.m2\repository\io\netty\netty-transport-native-unix-common\4.1.111.Final\netty-transport-native-unix-common-4.1.111.Final.jar;C:\Users\NnyabeChamamme\.m2\repository\io\netty\netty-transport-classes-epoll\4.1.111.Final\netty-transport-classes-epoll-4.1.111.Final.jar;C:\Users\NnyabeChamamme\.m2\repository\io\netty\netty-resolver\4.1.111.Final\netty-resolver-4.1.111.Final.jar;C:\Users\NnyabeChamamme\.m2\repository\com\amazonaws\aws-java-sdk-dynamodb\1.12.660\aws-java-sdk-dynamodb-1.12.660.jar;C:\Users\NnyabeChamamme\.m2\repository\com\amazonaws\aws-java-sdk-s3\1.12.660\aws-java-sdk-s3-1.12.660.jar;C:\Users\NnyabeChamamme\.m2\repository\com\amazonaws\aws-java-sdk-kms\1.12.660\aws-java-sdk-kms-1.12.660.jar;C:\Users\NnyabeChamamme\.m2\repository\com\amazonaws\aws-java-sdk-core\1.12.660\aws-java-sdk-core-1.12.660.jar;C:\Users\NnyabeChamamme\.m2\repository\commons-logging\commons-logging\1.1.3\commons-logging-1.1.3.jar;C:\Users\NnyabeChamamme\.m2\repository\com\fasterxml\jackson\core\jackson-databind\2.12.7.1\jackson-databind-2.12.7.1.jar;C:\Users\NnyabeChamamme\.m2\repository\com\fasterxml\jackson\core\jackson-annotations\2.12.7\jackson-annotations-2.12.7.jar;C:\Users\NnyabeChamamme\.m2\repository\com\fasterxml\jackson\core\jackson-core\2.12.7\jackson-core-2.12.7.jar;C:\Users\NnyabeChamamme\.m2\repository\com\fasterxml\jackson\dataformat\jackson-dataformat-cbor\2.12.6\jackson-dataformat-cbor-2.12.6.jar;C:\Users\NnyabeChamamme\.m2\repository\com\amazonaws\jmespath-java\1.12.660\jmespath-java-1.12.660.jar;"/>
    <property name="java.vm.vendor" value="Oracle Corporation"/>
    <property name="sun.arch.data.model" value="64"/>
    <property name="user.variant" value=""/>
    <property name="java.vendor.url" value="https://java.oracle.com/"/>
    <property name="user.timezone" value="Africa/Accra"/>
    <property name="user.country.format" value="GH"/>
    <property name="os.name" value="Windows 11"/>
    <property name="java.vm.specification.version" value="23"/>
    <property name="sun.java.launcher" value="SUN_STANDARD"/>
    <property name="user.country" value="GB"/>
    <property name="sun.boot.library.path" value="C:\Program Files\Java\jdk-23\bin"/>
    <property name="sun.java.command" value="C:\Users\NnyabeChamamme\AppData\Local\Temp\surefire15598060683700160928\surefirebooter-20250415152041381_3.jar C:\Users\NnyabeChamamme\AppData\Local\Temp\surefire15598060683700160928 2025-04-15T15-20-41_224-jvmRun1 surefire-20250415152041381_1tmp surefire_0-20250415152041381_2tmp"/>
    <property name="jdk.debug" value="release"/>
    <property name="surefire.test.class.path" value="C:\Users\NnyabeChamamme\Desktop\deadline_notifier\HelloWorldFunction\target\test-classes;C:\Users\NnyabeChamamme\Desktop\deadline_notifier\HelloWorldFunction\target\classes;C:\Users\NnyabeChamamme\.m2\repository\com\amazonaws\aws-lambda-java-core\1.2.2\aws-lambda-java-core-1.2.2.jar;C:\Users\NnyabeChamamme\.m2\repository\com\amazonaws\aws-lambda-java-events\3.11.0\aws-lambda-java-events-3.11.0.jar;C:\Users\NnyabeChamamme\.m2\repository\joda-time\joda-time\2.6\joda-time-2.6.jar;C:\Users\NnyabeChamamme\.m2\repository\junit\junit\4.13.2\junit-4.13.2.jar;C:\Users\NnyabeChamamme\.m2\repository\org\hamcrest\hamcrest-core\1.3\hamcrest-core-1.3.jar;C:\Users\NnyabeChamamme\.m2\repository\software\amazon\awssdk\scheduler\2.26.29\scheduler-2.26.29.jar;C:\Users\NnyabeChamamme\.m2\repository\software\amazon\awssdk\protocol-core\2.26.29\protocol-core-2.26.29.jar;C:\Users\NnyabeChamamme\.m2\repository\software\amazon\awssdk\aws-json-protocol\2.26.29\aws-json-protocol-2.26.29.jar;C:\Users\NnyabeChamamme\.m2\repository\software\amazon\awssdk\third-party-jackson-core\2.26.29\third-party-jackson-core-2.26.29.jar;C:\Users\NnyabeChamamme\.m2\repository\software\amazon\awssdk\http-auth-aws\2.26.29\http-auth-aws-2.26.29.jar;C:\Users\NnyabeChamamme\.m2\repository\software\amazon\awssdk\checksums-spi\2.26.29\checksums-spi-2.26.29.jar;C:\Users\NnyabeChamamme\.m2\repository\software\amazon\awssdk\checksums\2.26.29\checksums-2.26.29.jar;C:\Users\NnyabeChamamme\.m2\repository\software\amazon\awssdk\sdk-core\2.26.29\sdk-core-2.26.29.jar;C:\Users\NnyabeChamamme\.m2\repository\software\amazon\awssdk\profiles\2.26.29\profiles-2.26.29.jar;C:\Users\NnyabeChamamme\.m2\repository\software\amazon\awssdk\retries\2.26.29\retries-2.26.29.jar;C:\Users\NnyabeChamamme\.m2\repository\org\slf4j\slf4j-api\1.7.36\slf4j-api-1.7.36.jar;C:\Users\NnyabeChamamme\.m2\repository\org\reactivestreams\reactive-streams\1.0.4\reactive-streams-1.0.4.jar;C:\Users\NnyabeChamamme\.m2\repository\software\amazon\awssdk\auth\2.26.29\auth-2.26.29.jar;C:\Users\NnyabeChamamme\.m2\repository\software\amazon\awssdk\http-auth-aws-eventstream\2.26.29\http-auth-aws-eventstream-2.26.29.jar;C:\Users\NnyabeChamamme\.m2\repository\software\amazon\eventstream\eventstream\1.0.1\eventstream-1.0.1.jar;C:\Users\NnyabeChamamme\.m2\repository\software\amazon\awssdk\http-auth-spi\2.26.29\http-auth-spi-2.26.29.jar;C:\Users\NnyabeChamamme\.m2\repository\software\amazon\awssdk\http-auth\2.26.29\http-auth-2.26.29.jar;C:\Users\NnyabeChamamme\.m2\repository\software\amazon\awssdk\identity-spi\2.26.29\identity-spi-2.26.29.jar;C:\Users\NnyabeChamamme\.m2\repository\software\amazon\awssdk\http-client-spi\2.26.29\http-client-spi-2.26.29.jar;C:\Users\NnyabeChamamme\.m2\repository\software\amazon\awssdk\regions\2.26.29\regions-2.26.29.jar;C:\Users\NnyabeChamamme\.m2\repository\software\amazon\awssdk\annotations\2.26.29\annotations-2.26.29.jar;C:\Users\NnyabeChamamme\.m2\repository\software\amazon\awssdk\utils\2.26.29\utils-2.26.29.jar;C:\Users\NnyabeChamamme\.m2\repository\software\amazon\awssdk\aws-core\2.26.29\aws-core-2.26.29.jar;C:\Users\NnyabeChamamme\.m2\repository\software\amazon\awssdk\metrics-spi\2.26.29\metrics-spi-2.26.29.jar;C:\Users\NnyabeChamamme\.m2\repository\software\amazon\awssdk\json-utils\2.26.29\json-utils-2.26.29.jar;C:\Users\NnyabeChamamme\.m2\repository\software\amazon\awssdk\endpoints-spi\2.26.29\endpoints-spi-2.26.29.jar;C:\Users\NnyabeChamamme\.m2\repository\software\amazon\awssdk\retries-spi\2.26.29\retries-spi-2.26.29.jar;C:\Users\NnyabeChamamme\.m2\repository\software\amazon\awssdk\apache-client\2.26.29\apache-client-2.26.29.jar;C:\Users\NnyabeChamamme\.m2\repository\org\apache\httpcomponents\httpclient\4.5.13\httpclient-4.5.13.jar;C:\Users\NnyabeChamamme\.m2\repository\org\apache\httpcomponents\httpcore\4.4.16\httpcore-4.4.16.jar;C:\Users\NnyabeChamamme\.m2\repository\commons-codec\commons-codec\1.17.1\commons-codec-1.17.1.jar;C:\Users\NnyabeChamamme\.m2\repository\software\amazon\awssdk\netty-nio-client\2.26.29\netty-nio-client-2.26.29.jar;C:\Users\NnyabeChamamme\.m2\repository\io\netty\netty-codec-http\4.1.111.Final\netty-codec-http-4.1.111.Final.jar;C:\Users\NnyabeChamamme\.m2\repository\io\netty\netty-codec-http2\4.1.111.Final\netty-codec-http2-4.1.111.Final.jar;C:\Users\NnyabeChamamme\.m2\repository\io\netty\netty-codec\4.1.111.Final\netty-codec-4.1.111.Final.jar;C:\Users\NnyabeChamamme\.m2\repository\io\netty\netty-transport\4.1.111.Final\netty-transport-4.1.111.Final.jar;C:\Users\NnyabeChamamme\.m2\repository\io\netty\netty-common\4.1.111.Final\netty-common-4.1.111.Final.jar;C:\Users\NnyabeChamamme\.m2\repository\io\netty\netty-buffer\4.1.111.Final\netty-buffer-4.1.111.Final.jar;C:\Users\NnyabeChamamme\.m2\repository\io\netty\netty-handler\4.1.111.Final\netty-handler-4.1.111.Final.jar;C:\Users\NnyabeChamamme\.m2\repository\io\netty\netty-transport-native-unix-common\4.1.111.Final\netty-transport-native-unix-common-4.1.111.Final.jar;C:\Users\NnyabeChamamme\.m2\repository\io\netty\netty-transport-classes-epoll\4.1.111.Final\netty-transport-classes-epoll-4.1.111.Final.jar;C:\Users\NnyabeChamamme\.m2\repository\io\netty\netty-resolver\4.1.111.Final\netty-resolver-4.1.111.Final.jar;C:\Users\NnyabeChamamme\.m2\repository\com\amazonaws\aws-java-sdk-dynamodb\1.12.660\aws-java-sdk-dynamodb-1.12.660.jar;C:\Users\NnyabeChamamme\.m2\repository\com\amazonaws\aws-java-sdk-s3\1.12.660\aws-java-sdk-s3-1.12.660.jar;C:\Users\NnyabeChamamme\.m2\repository\com\amazonaws\aws-java-sdk-kms\1.12.660\aws-java-sdk-kms-1.12.660.jar;C:\Users\NnyabeChamamme\.m2\repository\com\amazonaws\aws-java-sdk-core\1.12.660\aws-java-sdk-core-1.12.660.jar;C:\Users\NnyabeChamamme\.m2\repository\commons-logging\commons-logging\1.1.3\commons-logging-1.1.3.jar;C:\Users\NnyabeChamamme\.m2\repository\com\fasterxml\jackson\core\jackson-databind\2.12.7.1\jackson-databind-2.12.7.1.jar;C:\Users\NnyabeChamamme\.m2\repository\com\fasterxml\jackson\core\jackson-annotations\2.12.7\jackson-annotations-2.12.7.jar;C:\Users\NnyabeChamamme\.m2\repository\com\fasterxml\jackson\core\jackson-core\2.12.7\jackson-core-2.12.7.jar;C:\Users\NnyabeChamamme\.m2\repository\com\fasterxml\jackson\dataformat\jackson-dataformat-cbor\2.12.6\jackson-dataformat-cbor-2.12.6.jar;C:\Users\NnyabeChamamme\.m2\repository\com\amazonaws\jmespath-java\1.12.660\jmespath-java-1.12.660.jar;"/>
    <property name="sun.cpu.endian" value="little"/>
    <property name="user.home" value="C:\Users\NnyabeChamamme"/>
    <property name="user.language" value="en"/>
    <property name="java.specification.vendor" value="Oracle Corporation"/>
    <property name="java.version.date" value="2024-10-15"/>
    <property name="java.home" value="C:\Program Files\Java\jdk-23"/>
    <property name="file.separator" value="\"/>
    <property name="basedir" value="C:\Users\NnyabeChamamme\Desktop\deadline_notifier\HelloWorldFunction"/>
    <property name="java.vm.compressedOopsMode" value="Zero based"/>
    <property name="line.separator" value="&#10;"/>
    <property name="java.vm.specification.vendor" value="Oracle Corporation"/>
    <property name="java.specification.name" value="Java Platform API Specification"/>
    <property name="surefire.real.class.path" value="C:\Users\NnyabeChamamme\AppData\Local\Temp\surefire15598060683700160928\surefirebooter-20250415152041381_3.jar"/>
    <property name="user.script" value=""/>
    <property name="sun.management.compiler" value="HotSpot 64-Bit Tiered Compilers"/>
    <property name="java.runtime.version" value="23.0.1+11-39"/>
    <property name="user.name" value="NnyabeChamamme"/>
    <property name="stdout.encoding" value="Cp1252"/>
    <property name="path.separator" value=";"/>
    <property name="os.version" value="10.0"/>
    <property name="java.runtime.name" value="Java(TM) SE Runtime Environment"/>
    <property name="file.encoding" value="UTF-8"/>
    <property name="java.vm.name" value="Java HotSpot(TM) 64-Bit Server VM"/>
    <property name="localRepository" value="C:\Users\NnyabeChamamme\.m2\repository"/>
    <property name="java.vendor.url.bug" value="https://bugreport.java.com/bugreport/"/>
    <property name="java.io.tmpdir" value="C:\Users\NNYABE~1\AppData\Local\Temp\"/>
    <property name="idea.version" value="2024.3.2.2"/>
    <property name="java.version" value="23.0.1"/>
    <property name="user.dir" value="C:\Users\NnyabeChamamme\Desktop\deadline_notifier\HelloWorldFunction"/>
    <property name="os.arch" value="amd64"/>
    <property name="java.vm.specification.name" value="Java Virtual Machine Specification"/>
    <property name="sun.os.patch.level" value=""/>
    <property name="native.encoding" value="Cp1252"/>
    <property name="java.library.path" value="C:\Program Files\Java\jdk-23\bin;C:\WINDOWS\Sun\Java\bin;C:\WINDOWS\system32;C:\WINDOWS;C:\Program Files\Common Files\Oracle\Java\javapath;C:\WINDOWS\system32;C:\WINDOWS;C:\WINDOWS\System32\Wbem;C:\WINDOWS\System32\WindowsPowerShell\v1.0\;C:\WINDOWS\System32\OpenSSH\;C:\Program Files\Git\cmd;C:\Program Files\dotnet\;C:\Program Files\Amazon\AWSCLIV2\;C:\Program Files\Docker\Docker\resources\bin;C:\Program Files\Amazon\AWSSAMCLI\bin\;C:\Users\NnyabeChamamme\Downloads\maven-mvnd-1.0.2-windows-amd64 (1);C:\Program Files\apache-maven-3.9.9\bin;C:\Users\NnyabeChamamme\AppData\Local\Microsoft\WindowsApps;C:\Users\NnyabeChamamme\AppData\Local\Programs\Microsoft VS Code\bin;C:\Users\NnyabeChamamme\.dotnet\tools;C:\Program Files\JetBrains\IntelliJ IDEA 2024.3\bin;;."/>
    <property name="java.vm.info" value="mixed mode, sharing"/>
    <property name="stderr.encoding" value="Cp1252"/>
    <property name="java.vendor" value="Oracle Corporation"/>
    <property name="java.vm.version" value="23.0.1+11-39"/>
    <property name="sun.io.unicode.encoding" value="UnicodeLittle"/>
    <property name="java.class.version" value="67.0"/>
  </properties>
  <testcase name="successfulResponse" classname="helloworld.AppTest" time="0.87"/>
</testsuite>